{
  "RSpec": {
    "coverage": {
      "/Users/TimGill/Github/Makers_main/03_Week/rps-challenge_2.1/spec/computer_spec.rb": {
        "lines": [
          1,
          null,
          1,
          null,
          2,
          null,
          1,
          1,
          null,
          null,
          null
        ]
      },
      "/Users/TimGill/Github/Makers_main/03_Week/rps-challenge_2.1/spec/features/web_app_feature_spec.rb": {
        "lines": [
          1,
          1,
          1,
          1,
          null,
          null,
          1,
          1,
          1,
          null,
          null,
          null,
          1,
          null,
          1,
          1,
          1,
          null,
          null,
          1,
          1,
          1,
          null,
          null,
          null,
          1,
          null,
          1,
          null,
          1,
          1,
          1,
          1,
          null,
          null,
          null,
          null,
          null,
          null,
          null,
          null,
          null,
          null
        ]
      },
      "/Users/TimGill/Github/Makers_main/03_Week/rps-challenge_2.1/spec/game_spec.rb": {
        "lines": [
          1,
          null,
          1,
          null,
          7,
          null,
          1,
          1,
          1,
          null,
          null,
          1,
          1,
          1,
          1,
          null,
          null,
          1,
          1,
          1,
          1,
          null,
          null,
          1,
          1,
          1,
          1,
          null,
          null,
          1,
          1,
          1,
          1,
          null,
          null,
          1,
          1,
          1,
          1,
          null,
          null
        ]
      }
    },
    "timestamp": 1603446505
  }
}
